{"/app/src/index.js": {"path":"/app/src/index.js","statementMap":{"0":{"start":{"line":1,"column":18},"end":{"line":1,"column":36}},"1":{"start":{"line":2,"column":18},"end":{"line":2,"column":34}},"2":{"start":{"line":3,"column":18},"end":{"line":3,"column":47}},"3":{"start":{"line":4,"column":18},"end":{"line":4,"column":41}},"4":{"start":{"line":6,"column":19},"end":{"line":6,"column":28}},"5":{"start":{"line":7,"column":19},"end":{"line":7,"column":55}},"6":{"start":{"line":9,"column":17},"end":{"line":17,"column":1}},"7":{"start":{"line":19,"column":0},"end":{"line":19,"column":51}},"8":{"start":{"line":20,"column":0},"end":{"line":20,"column":24}},"9":{"start":{"line":22,"column":0},"end":{"line":25,"column":3}},"10":{"start":{"line":23,"column":4},"end":{"line":23,"column":35}},"11":{"start":{"line":24,"column":4},"end":{"line":24,"column":11}},"12":{"start":{"line":27,"column":21},"end":{"line":36,"column":1}},"13":{"start":{"line":28,"column":18},"end":{"line":28,"column":61}},"14":{"start":{"line":29,"column":4},"end":{"line":29,"column":71}},"15":{"start":{"line":29,"column":16},"end":{"line":29,"column":71}},"16":{"start":{"line":30,"column":4},"end":{"line":35,"column":5}},"17":{"start":{"line":31,"column":8},"end":{"line":31,"column":49}},"18":{"start":{"line":32,"column":8},"end":{"line":32,"column":15}},"19":{"start":{"line":34,"column":8},"end":{"line":34,"column":64}},"20":{"start":{"line":38,"column":16},"end":{"line":60,"column":1}},"21":{"start":{"line":38,"column":29},"end":{"line":60,"column":1}},"22":{"start":{"line":39,"column":4},"end":{"line":59,"column":5}},"23":{"start":{"line":40,"column":20},"end":{"line":40,"column":47}},"24":{"start":{"line":41,"column":8},"end":{"line":41,"column":71}},"25":{"start":{"line":42,"column":25},"end":{"line":54,"column":10}},"26":{"start":{"line":53,"column":34},"end":{"line":53,"column":38}},"27":{"start":{"line":55,"column":8},"end":{"line":55,"column":56}},"28":{"start":{"line":57,"column":8},"end":{"line":57,"column":48}},"29":{"start":{"line":58,"column":8},"end":{"line":58,"column":84}},"30":{"start":{"line":62,"column":0},"end":{"line":66,"column":4}},"31":{"start":{"line":62,"column":31},"end":{"line":66,"column":2}},"32":{"start":{"line":68,"column":0},"end":{"line":68,"column":57}},"33":{"start":{"line":69,"column":0},"end":{"line":69,"column":57}},"34":{"start":{"line":70,"column":0},"end":{"line":70,"column":60}},"35":{"start":{"line":71,"column":0},"end":{"line":71,"column":60}},"36":{"start":{"line":73,"column":0},"end":{"line":73,"column":65}},"37":{"start":{"line":74,"column":0},"end":{"line":74,"column":68}},"38":{"start":{"line":75,"column":0},"end":{"line":75,"column":68}},"39":{"start":{"line":76,"column":0},"end":{"line":76,"column":66}},"40":{"start":{"line":77,"column":0},"end":{"line":77,"column":67}},"41":{"start":{"line":78,"column":0},"end":{"line":78,"column":70}},"42":{"start":{"line":79,"column":0},"end":{"line":79,"column":71}},"43":{"start":{"line":80,"column":0},"end":{"line":80,"column":75}},"44":{"start":{"line":82,"column":0},"end":{"line":87,"column":1}},"45":{"start":{"line":83,"column":4},"end":{"line":86,"column":7}},"46":{"start":{"line":84,"column":8},"end":{"line":84,"column":52}},"47":{"start":{"line":85,"column":8},"end":{"line":85,"column":43}},"48":{"start":{"line":89,"column":0},"end":{"line":89,"column":21}}},"fnMap":{"0":{"name":"(anonymous_0)","decl":{"start":{"line":22,"column":8},"end":{"line":22,"column":9}},"loc":{"start":{"line":22,"column":28},"end":{"line":25,"column":1}},"line":22},"1":{"name":"(anonymous_1)","decl":{"start":{"line":27,"column":21},"end":{"line":27,"column":22}},"loc":{"start":{"line":27,"column":41},"end":{"line":36,"column":1}},"line":27},"2":{"name":"(anonymous_2)","decl":{"start":{"line":38,"column":16},"end":{"line":38,"column":17}},"loc":{"start":{"line":38,"column":29},"end":{"line":60,"column":1}},"line":38},"3":{"name":"(anonymous_3)","decl":{"start":{"line":38,"column":29},"end":{"line":38,"column":30}},"loc":{"start":{"line":38,"column":49},"end":{"line":60,"column":1}},"line":38},"4":{"name":"(anonymous_4)","decl":{"start":{"line":53,"column":28},"end":{"line":53,"column":29}},"loc":{"start":{"line":53,"column":34},"end":{"line":53,"column":38}},"line":53},"5":{"name":"(anonymous_5)","decl":{"start":{"line":62,"column":19},"end":{"line":62,"column":20}},"loc":{"start":{"line":62,"column":31},"end":{"line":66,"column":2}},"line":62},"6":{"name":"(anonymous_6)","decl":{"start":{"line":83,"column":21},"end":{"line":83,"column":22}},"loc":{"start":{"line":83,"column":27},"end":{"line":86,"column":5}},"line":83}},"branchMap":{"0":{"loc":{"start":{"line":7,"column":19},"end":{"line":7,"column":55}},"type":"binary-expr","locations":[{"start":{"line":7,"column":19},"end":{"line":7,"column":41}},{"start":{"line":7,"column":45},"end":{"line":7,"column":55}}],"line":7},"1":{"loc":{"start":{"line":10,"column":18},"end":{"line":10,"column":84}},"type":"binary-expr","locations":[{"start":{"line":10,"column":18},"end":{"line":10,"column":46}},{"start":{"line":10,"column":58},"end":{"line":10,"column":84}}],"line":10},"2":{"loc":{"start":{"line":11,"column":18},"end":{"line":11,"column":87}},"type":"binary-expr","locations":[{"start":{"line":11,"column":18},"end":{"line":11,"column":49}},{"start":{"line":11,"column":58},"end":{"line":11,"column":87}}],"line":11},"3":{"loc":{"start":{"line":12,"column":18},"end":{"line":12,"column":85}},"type":"binary-expr","locations":[{"start":{"line":12,"column":18},"end":{"line":12,"column":47}},{"start":{"line":12,"column":58},"end":{"line":12,"column":85}}],"line":12},"4":{"loc":{"start":{"line":13,"column":18},"end":{"line":13,"column":84}},"type":"binary-expr","locations":[{"start":{"line":13,"column":18},"end":{"line":13,"column":46}},{"start":{"line":13,"column":58},"end":{"line":13,"column":84}}],"line":13},"5":{"loc":{"start":{"line":14,"column":18},"end":{"line":14,"column":87}},"type":"binary-expr","locations":[{"start":{"line":14,"column":18},"end":{"line":14,"column":49}},{"start":{"line":14,"column":58},"end":{"line":14,"column":87}}],"line":14},"6":{"loc":{"start":{"line":15,"column":18},"end":{"line":15,"column":88}},"type":"binary-expr","locations":[{"start":{"line":15,"column":18},"end":{"line":15,"column":50}},{"start":{"line":15,"column":58},"end":{"line":15,"column":88}}],"line":15},"7":{"loc":{"start":{"line":16,"column":18},"end":{"line":16,"column":92}},"type":"binary-expr","locations":[{"start":{"line":16,"column":18},"end":{"line":16,"column":54}},{"start":{"line":16,"column":58},"end":{"line":16,"column":92}}],"line":16},"8":{"loc":{"start":{"line":29,"column":4},"end":{"line":29,"column":71}},"type":"if","locations":[{"start":{"line":29,"column":4},"end":{"line":29,"column":71}},{"start":{},"end":{}}],"line":29},"9":{"loc":{"start":{"line":48,"column":33},"end":{"line":48,"column":67}},"type":"binary-expr","locations":[{"start":{"line":48,"column":33},"end":{"line":48,"column":61}},{"start":{"line":48,"column":65},"end":{"line":48,"column":67}}],"line":48},"10":{"loc":{"start":{"line":49,"column":33},"end":{"line":49,"column":81}},"type":"cond-expr","locations":[{"start":{"line":49,"column":44},"end":{"line":49,"column":71}},{"start":{"line":49,"column":74},"end":{"line":49,"column":81}}],"line":49},"11":{"loc":{"start":{"line":49,"column":44},"end":{"line":49,"column":71}},"type":"binary-expr","locations":[{"start":{"line":49,"column":44},"end":{"line":49,"column":57}},{"start":{"line":49,"column":61},"end":{"line":49,"column":71}}],"line":49},"12":{"loc":{"start":{"line":50,"column":33},"end":{"line":50,"column":72}},"type":"cond-expr","locations":[{"start":{"line":50,"column":44},"end":{"line":50,"column":67}},{"start":{"line":50,"column":70},"end":{"line":50,"column":72}}],"line":50},"13":{"loc":{"start":{"line":64,"column":15},"end":{"line":64,"column":49}},"type":"binary-expr","locations":[{"start":{"line":64,"column":15},"end":{"line":64,"column":38}},{"start":{"line":64,"column":42},"end":{"line":64,"column":49}}],"line":64},"14":{"loc":{"start":{"line":82,"column":0},"end":{"line":87,"column":1}},"type":"if","locations":[{"start":{"line":82,"column":0},"end":{"line":87,"column":1}},{"start":{},"end":{}}],"line":82}},"s":{"0":1,"1":1,"2":1,"3":1,"4":1,"5":1,"6":1,"7":1,"8":1,"9":1,"10":3,"11":3,"12":1,"13":2,"14":2,"15":1,"16":1,"17":1,"18":0,"19":1,"20":1,"21":12,"22":0,"23":0,"24":0,"25":0,"26":0,"27":0,"28":0,"29":0,"30":1,"31":1,"32":1,"33":1,"34":1,"35":1,"36":1,"37":1,"38":1,"39":1,"40":1,"41":1,"42":1,"43":1,"44":1,"45":0,"46":0,"47":0,"48":1},"f":{"0":3,"1":2,"2":12,"3":0,"4":0,"5":1,"6":0},"b":{"0":[1,1],"1":[1,1],"2":[1,1],"3":[1,1],"4":[1,1],"5":[1,1],"6":[1,1],"7":[1,1],"8":[1,1],"9":[0,0],"10":[0,0],"11":[0,0],"12":[0,0],"13":[1,1],"14":[0,1]},"_coverageSchema":"1a1c01bbd47fc00a2c39e90264f33305004495a9","hash":"00b3d5fd098795375a13f6ca0c5bf1c9b370f0e7"}
}
