TN:
SF:src/index.js
FN:22,(anonymous_0)
FN:27,(anonymous_1)
FN:38,(anonymous_2)
FN:38,(anonymous_3)
FN:53,(anonymous_4)
FN:62,(anonymous_5)
FN:83,(anonymous_6)
FNF:7
FNH:4
FNDA:3,(anonymous_0)
FNDA:2,(anonymous_1)
FNDA:12,(anonymous_2)
FNDA:0,(anonymous_3)
FNDA:0,(anonymous_4)
FNDA:1,(anonymous_5)
FNDA:0,(anonymous_6)
DA:1,1
DA:2,1
DA:3,1
DA:4,1
DA:6,1
DA:7,1
DA:9,1
DA:19,1
DA:20,1
DA:22,1
DA:23,3
DA:24,3
DA:27,1
DA:28,2
DA:29,2
DA:30,1
DA:31,1
DA:32,0
DA:34,1
DA:38,12
DA:39,0
DA:40,0
DA:41,0
DA:42,0
DA:53,0
DA:55,0
DA:57,0
DA:58,0
DA:62,1
DA:68,1
DA:69,1
DA:70,1
DA:71,1
DA:73,1
DA:74,1
DA:75,1
DA:76,1
DA:77,1
DA:78,1
DA:79,1
DA:80,1
DA:82,1
DA:83,0
DA:84,0
DA:85,0
DA:89,1
LF:46
LH:34
BRDA:7,0,0,1
BRDA:7,0,1,1
BRDA:10,1,0,1
BRDA:10,1,1,1
BRDA:11,2,0,1
BRDA:11,2,1,1
BRDA:12,3,0,1
BRDA:12,3,1,1
BRDA:13,4,0,1
BRDA:13,4,1,1
BRDA:14,5,0,1
BRDA:14,5,1,1
BRDA:15,6,0,1
BRDA:15,6,1,1
BRDA:16,7,0,1
BRDA:16,7,1,1
BRDA:29,8,0,1
BRDA:29,8,1,1
BRDA:48,9,0,0
BRDA:48,9,1,0
BRDA:49,10,0,0
BRDA:49,10,1,0
BRDA:49,11,0,0
BRDA:49,11,1,0
BRDA:50,12,0,0
BRDA:50,12,1,0
BRDA:64,13,0,1
BRDA:64,13,1,1
BRDA:82,14,0,0
BRDA:82,14,1,1
BRF:30
BRH:21
end_of_record
